Unity Editor version:    2022.3.49f1 (4dae1bb8668d)
Branch:                  2022.3/staging
Build type:              Release
Batch mode:              YES
macOS version:           Version 14.5 (Build 23F79)
Darwin version:          23.5.0
Architecture:            arm64
Running under Rosetta:   NO
Available memory:        16384 MB
Using pre-set license
Pro License: YES

COMMAND LINE ARGUMENTS:
/Applications/Unity/Hub/Editor/2022.3.49f1/Unity.app/Contents/MacOS/Unity
-adb2
-batchMode
-noUpm
-name
AssetImportWorker0
-projectPath
/Users/t57086/homework2
-logFile
Logs/AssetImportWorker0.log
-srvPort
49764
Successfully changed project path to: /Users/t57086/homework2
/Users/t57086/homework2
[UnityMemory] Configuration Parameters - Can be set up in boot.config
    "memorysetup-bucket-allocator-granularity=16"
    "memorysetup-bucket-allocator-bucket-count=8"
    "memorysetup-bucket-allocator-block-size=33554432"
    "memorysetup-bucket-allocator-block-count=8"
    "memorysetup-main-allocator-block-size=16777216"
    "memorysetup-thread-allocator-block-size=16777216"
    "memorysetup-gfx-main-allocator-block-size=16777216"
    "memorysetup-gfx-thread-allocator-block-size=16777216"
    "memorysetup-cache-allocator-block-size=4194304"
    "memorysetup-typetree-allocator-block-size=2097152"
    "memorysetup-profiler-bucket-allocator-granularity=16"
    "memorysetup-profiler-bucket-allocator-bucket-count=8"
    "memorysetup-profiler-bucket-allocator-block-size=33554432"
    "memorysetup-profiler-bucket-allocator-block-count=8"
    "memorysetup-profiler-allocator-block-size=16777216"
    "memorysetup-profiler-editor-allocator-block-size=1048576"
    "memorysetup-temp-allocator-size-main=16777216"
    "memorysetup-job-temp-allocator-block-size=2097152"
    "memorysetup-job-temp-allocator-block-size-background=1048576"
    "memorysetup-job-temp-allocator-reduction-small-platforms=262144"
    "memorysetup-allocator-temp-initial-block-size-main=262144"
    "memorysetup-allocator-temp-initial-block-size-worker=262144"
    "memorysetup-temp-allocator-size-background-worker=32768"
    "memorysetup-temp-allocator-size-job-worker=262144"
    "memorysetup-temp-allocator-size-preload-manager=33554432"
    "memorysetup-temp-allocator-size-nav-mesh-worker=65536"
    "memorysetup-temp-allocator-size-audio-worker=65536"
    "memorysetup-temp-allocator-size-cloud-worker=32768"
    "memorysetup-temp-allocator-size-gi-baking-worker=262144"
    "memorysetup-temp-allocator-size-gfx=262144"
Player connection [8501103616]  Target information:

Player connection [8501103616]  * "[IP] 192.168.0.6 [Port] 0 [Flags] 2 [Guid] 3471229162 [EditorId] 3471229162 [Version] 1048832 [Id] OSXEditor(0,Egemens-MacBook-Air.local) [Debug] 1 [PackageName] OSXEditor [ProjectName] Editor" 

Player connection [8501103616] Host joined multi-casting on [225.0.0.222:54997]...
Player connection [8501103616] Host joined alternative multi-casting on [225.0.0.222:34997]...
[PhysX] Initialized MultithreadedTaskDispatcher with 8 workers.
Refreshing native plugins compatible for Editor in 25.08 ms, found 3 plugins.
Preloading 0 native plugins for Editor in 0.00 ms.
Initialize engine version: 2022.3.49f1 (4dae1bb8668d)
[Subsystems] Discovering subsystems at path /Applications/Unity/Hub/Editor/2022.3.49f1/Unity.app/Contents/Resources/UnitySubsystems
[Subsystems] Discovering subsystems at path /Users/t57086/homework2/Assets
GfxDevice: creating device client; threaded=0; jobified=0
 preferred device: Apple M1 (high power)
Metal devices available: 1
0: Apple M1 (high power)
Using device Apple M1 (high power)
Initializing Metal device caps: Apple M1
Initialize mono
Mono path[0] = '/Applications/Unity/Hub/Editor/2022.3.49f1/Unity.app/Contents/Managed'
Mono path[1] = '/Applications/Unity/Hub/Editor/2022.3.49f1/Unity.app/Contents/MonoBleedingEdge/lib/mono/unityjit-macos'
Mono config path = '/Applications/Unity/Hub/Editor/2022.3.49f1/Unity.app/Contents/MonoBleedingEdge/etc'
Using monoOptions --debugger-agent=transport=dt_socket,embedding=1,server=y,suspend=n,address=127.0.0.1:56808
Begin MonoManager ReloadAssembly
Registering precompiled unity dll's ...
Register platform support module: /Applications/Unity/Hub/Editor/2022.3.49f1/Unity.app/Contents/PlaybackEngines/MacStandaloneSupport/UnityEditor.OSXStandalone.Extensions.dll
Registered in 0.002714 seconds.
- Loaded All Assemblies, in  0.300 seconds
Native extension for OSXStandalone target not found
Mono: successfully reloaded assembly
- Finished resetting the current domain, in  0.161 seconds
Domain Reload Profiling: 461ms
	BeginReloadAssembly (129ms)
		ExecutionOrderSort (0ms)
		DisableScriptedObjects (0ms)
		BackupInstance (0ms)
		ReleaseScriptingObjects (0ms)
		CreateAndSetChildDomain (0ms)
	RebuildCommonClasses (24ms)
	RebuildNativeTypeToScriptingClass (8ms)
	initialDomainReloadingComplete (32ms)
	LoadAllAssembliesAndSetupDomain (107ms)
		LoadAssemblies (130ms)
		RebuildTransferFunctionScriptingTraits (0ms)
		AnalyzeDomain (104ms)
			TypeCache.Refresh (103ms)
				TypeCache.ScanAssembly (92ms)
			ScanForSourceGeneratedMonoScriptInfo (0ms)
			ResolveRequiredComponents (0ms)
	FinalizeReload (161ms)
		ReleaseScriptCaches (0ms)
		RebuildScriptCaches (0ms)
		SetupLoadedEditorAssemblies (130ms)
			LogAssemblyErrors (0ms)
			InitializePlatformSupportModulesInManaged (10ms)
			SetLoadedEditorAssemblies (4ms)
			RefreshPlugins (0ms)
			BeforeProcessingInitializeOnLoad (1ms)
			ProcessInitializeOnLoadAttributes (87ms)
			ProcessInitializeOnLoadMethodAttributes (29ms)
			AfterProcessingInitializeOnLoad (0ms)
			EditorAssembliesLoaded (0ms)
		ExecutionOrderSort2 (0ms)
		AwakeInstancesAfterBackupRestoration (0ms)
========================================================================
Worker process is ready to serve import requests
Caller must complete domain reload
Begin MonoManager ReloadAssembly
- Loaded All Assemblies, in  0.894 seconds
Native extension for OSXStandalone target not found
Package Manager log level set to [2]
[Package Manager] Server::EnsureServerProcessIsRunning -- launch failed, reason: Unity was launched with the -noUpm command-line argument
[Package Manager] UpmClient::Send -- Unable to send message (not connected to UPM process).
[Package Manager] Cannot connect to Unity Package Manager local server
Mono: successfully reloaded assembly
- Finished resetting the current domain, in  0.500 seconds
Domain Reload Profiling: 1394ms
	BeginReloadAssembly (129ms)
		ExecutionOrderSort (0ms)
		DisableScriptedObjects (3ms)
		BackupInstance (0ms)
		ReleaseScriptingObjects (0ms)
		CreateAndSetChildDomain (15ms)
	RebuildCommonClasses (24ms)
	RebuildNativeTypeToScriptingClass (8ms)
	initialDomainReloadingComplete (31ms)
	LoadAllAssembliesAndSetupDomain (702ms)
		LoadAssemblies (637ms)
		RebuildTransferFunctionScriptingTraits (0ms)
		AnalyzeDomain (151ms)
			TypeCache.Refresh (130ms)
				TypeCache.ScanAssembly (113ms)
			ScanForSourceGeneratedMonoScriptInfo (14ms)
			ResolveRequiredComponents (7ms)
	FinalizeReload (500ms)
		ReleaseScriptCaches (0ms)
		RebuildScriptCaches (0ms)
		SetupLoadedEditorAssemblies (380ms)
			LogAssemblyErrors (0ms)
			InitializePlatformSupportModulesInManaged (4ms)
			SetLoadedEditorAssemblies (4ms)
			RefreshPlugins (0ms)
			BeforeProcessingInitializeOnLoad (54ms)
			ProcessInitializeOnLoadAttributes (269ms)
			ProcessInitializeOnLoadMethodAttributes (49ms)
			AfterProcessingInitializeOnLoad (1ms)
			EditorAssembliesLoaded (0ms)
		ExecutionOrderSort2 (0ms)
		AwakeInstancesAfterBackupRestoration (3ms)
Default Renderer is missing, make sure there is a Renderer assigned as the default on the current Universal RP asset:UniversalRP
UnityEngine.StackTraceUtility:ExtractStackTrace () (at /Users/bokken/build/output/unity/unity/Runtime/Export/Scripting/StackTrace.cs:37)
UnityEngine.DebugLogHandler:LogFormat (UnityEngine.LogType,UnityEngine.Object,string,object[])
UnityEngine.Logger:Log (UnityEngine.LogType,object,UnityEngine.Object)
UnityEngine.Debug:LogError (object,UnityEngine.Object)
UnityEngine.Rendering.Universal.UniversalRenderPipelineAsset:CreatePipeline () (at ./Library/PackageCache/com.unity.render-pipelines.universal@14.0.11/Runtime/Data/UniversalRenderPipelineAsset.cs:737)
UnityEngine.Rendering.Universal.UniversalRenderPipelineAsset:get_scriptableRendererData () (at ./Library/PackageCache/com.unity.render-pipelines.universal@14.0.11/Runtime/Data/UniversalRenderPipelineAsset.cs:909)
UnityEngine.Rendering.Universal.UniversalRenderPipelineAsset:get_defaultShader () (at ./Library/PackageCache/com.unity.render-pipelines.universal@14.0.11/Runtime/Data/UniversalRenderPipelineAsset.cs:1612)

(Filename: ./Library/PackageCache/com.unity.render-pipelines.universal@14.0.11/Runtime/Data/UniversalRenderPipelineAsset.cs Line: 737)

Default Renderer is missing, make sure there is a Renderer assigned as the default on the current Universal RP asset:UniversalRP
UnityEngine.StackTraceUtility:ExtractStackTrace () (at /Users/bokken/build/output/unity/unity/Runtime/Export/Scripting/StackTrace.cs:37)
UnityEngine.DebugLogHandler:LogFormat (UnityEngine.LogType,UnityEngine.Object,string,object[])
UnityEngine.Logger:Log (UnityEngine.LogType,object,UnityEngine.Object)
UnityEngine.Debug:LogError (object,UnityEngine.Object)
UnityEngine.Rendering.Universal.UniversalRenderPipelineAsset:CreatePipeline () (at ./Library/PackageCache/com.unity.render-pipelines.universal@14.0.11/Runtime/Data/UniversalRenderPipelineAsset.cs:737)
UnityEngine.Rendering.Universal.UniversalRenderPipelineAsset:get_scriptableRendererData () (at ./Library/PackageCache/com.unity.render-pipelines.universal@14.0.11/Runtime/Data/UniversalRenderPipelineAsset.cs:909)
UnityEngine.Rendering.Universal.UniversalRenderPipelineAsset:GetMaterial (UnityEngine.Rendering.Universal.DefaultMaterialType) (at ./Library/PackageCache/com.unity.render-pipelines.universal@14.0.11/Runtime/Data/UniversalRenderPipelineAsset.cs:815)
UnityEngine.Rendering.Universal.UniversalRenderPipelineAsset:get_defaultMaterial () (at ./Library/PackageCache/com.unity.render-pipelines.universal@14.0.11/Runtime/Data/UniversalRenderPipelineAsset.cs:1514)

(Filename: ./Library/PackageCache/com.unity.render-pipelines.universal@14.0.11/Runtime/Data/UniversalRenderPipelineAsset.cs Line: 737)

Launching external process: /Applications/Unity/Hub/Editor/2022.3.49f1/Unity.app/Contents/Tools/UnityShaderCompiler
Launched and connected shader compiler UnityShaderCompiler after 0.06 seconds
Refreshing native plugins compatible for Editor in 12.78 ms, found 3 plugins.
Preloading 0 native plugins for Editor in 0.00 ms.
Unloading 5527 Unused Serialized files (Serialized files now loaded: 0)
Unloading 58 unused Assets / (1.5 MB). Loaded Objects now: 5972.
Memory consumption went from 202.9 MB to 201.4 MB.
Total: 3.575458 ms (FindLiveObjects: 0.191917 ms CreateObjectMapping: 0.070333 ms MarkObjects: 2.754625 ms  DeleteObjects: 0.558000 ms)

Default Renderer is missing, make sure there is a Renderer assigned as the default on the current Universal RP asset:UniversalRP
UnityEngine.StackTraceUtility:ExtractStackTrace () (at /Users/bokken/build/output/unity/unity/Runtime/Export/Scripting/StackTrace.cs:37)
UnityEngine.DebugLogHandler:LogFormat (UnityEngine.LogType,UnityEngine.Object,string,object[])
UnityEngine.Logger:Log (UnityEngine.LogType,object,UnityEngine.Object)
UnityEngine.Debug:LogError (object,UnityEngine.Object)
UnityEngine.Rendering.Universal.UniversalRenderPipelineAsset:CreatePipeline () (at ./Library/PackageCache/com.unity.render-pipelines.universal@14.0.11/Runtime/Data/UniversalRenderPipelineAsset.cs:737)
UnityEngine.Rendering.Universal.UniversalRenderPipelineAsset:get_scriptableRendererData () (at ./Library/PackageCache/com.unity.render-pipelines.universal@14.0.11/Runtime/Data/UniversalRenderPipelineAsset.cs:909)
UnityEngine.Rendering.Universal.UniversalRenderPipelineAsset:get_defaultShader () (at ./Library/PackageCache/com.unity.render-pipelines.universal@14.0.11/Runtime/Data/UniversalRenderPipelineAsset.cs:1612)

(Filename: ./Library/PackageCache/com.unity.render-pipelines.universal@14.0.11/Runtime/Data/UniversalRenderPipelineAsset.cs Line: 737)

Default Renderer is missing, make sure there is a Renderer assigned as the default on the current Universal RP asset:UniversalRP
UnityEngine.StackTraceUtility:ExtractStackTrace () (at /Users/bokken/build/output/unity/unity/Runtime/Export/Scripting/StackTrace.cs:37)
UnityEngine.DebugLogHandler:LogFormat (UnityEngine.LogType,UnityEngine.Object,string,object[])
UnityEngine.Logger:Log (UnityEngine.LogType,object,UnityEngine.Object)
UnityEngine.Debug:LogError (object,UnityEngine.Object)
UnityEngine.Rendering.Universal.UniversalRenderPipelineAsset:CreatePipeline () (at ./Library/PackageCache/com.unity.render-pipelines.universal@14.0.11/Runtime/Data/UniversalRenderPipelineAsset.cs:737)
UnityEngine.Rendering.Universal.UniversalRenderPipelineAsset:get_scriptableRendererData () (at ./Library/PackageCache/com.unity.render-pipelines.universal@14.0.11/Runtime/Data/UniversalRenderPipelineAsset.cs:909)
UnityEngine.Rendering.Universal.UniversalRenderPipelineAsset:GetMaterial (UnityEngine.Rendering.Universal.DefaultMaterialType) (at ./Library/PackageCache/com.unity.render-pipelines.universal@14.0.11/Runtime/Data/UniversalRenderPipelineAsset.cs:815)
UnityEngine.Rendering.Universal.UniversalRenderPipelineAsset:get_defaultMaterial () (at ./Library/PackageCache/com.unity.render-pipelines.universal@14.0.11/Runtime/Data/UniversalRenderPipelineAsset.cs:1514)

(Filename: ./Library/PackageCache/com.unity.render-pipelines.universal@14.0.11/Runtime/Data/UniversalRenderPipelineAsset.cs Line: 737)

AssetImportParameters requested are different than current active one (requested -> active):
  custom:srp/default-shader: d785cba07c15c19b5a745ff29a9f9c43 -> ff2869b2ce7c09b51d8bc2926aab598d
  custom:container-demuxer-ogg: 62fdf1f143b41e24485cea50d1cbac27 -> 
  custom:video-decoder-ogg-theora: a1e56fd34408186e4bbccfd4996cb3dc -> 
  custom:CustomObjectIndexerAttribute: 72b91833f83ae208fae7752999fa3104 -> 
  custom:container-demuxer-webm: 4f35f7cbe854078d1ac9338744f61a02 -> 
  custom:container-muxer-webm: aa71ff27fc2769a1b78a27578f13a17b -> 
  custom:video-decoder-webm-vp8: 9c59270c3fd7afecdb556c50c9e8de78 -> 
  custom:SearchIndexIgnoredProperties: e643bd26f0fe6173181afceb89e7c659 -> 
  custom:AudioImporter_EditorPlatform: 3918e3fc78b5a79bad01e8451be0beb8 -> 
  custom:framework-osx-AVFoundation: e770b220cccbd017edd2c1fefb359320 -> 
  custom:video-encoder-webm-vp8: eb34c28f22e8b96e1ab97ce403110664 -> 
  custom:audio-decoder-ogg-vorbis: bf7c407c2cedff20999df2af8eb42d56 -> 
  custom:scripting/monoscript/fileName/PopulationManager_sc.cs: 0a949101839b4299b1c59fbc97ffd541 -> c6dfc378c773b2c2295fbdfb93cf2e9e
  custom:audio-encoder-webm-vorbis: bf7c407c2cedff20999df2af8eb42d56 -> 
  custom:srp/default-material: 1323b11ab5f8e84b9c4553e3cd30b8d1 -> 00000000000000000f00000000000000
========================================================================
Received Import Request.
  Time since last request: 368.299535 seconds.
  path: Assets/Scripts/PopulationManager_sc.cs
  artifactKey: Guid(74fabfb4514184674beaffdb02e383cd) Importer(815301076,1909f56bfc062723c751e8b465ee728b)
Start importing Assets/Scripts/PopulationManager_sc.cs using Guid(74fabfb4514184674beaffdb02e383cd) Importer(815301076,1909f56bfc062723c751e8b465ee728b) [PhysX] Initialized MultithreadedTaskDispatcher with 8 workers.
 -> (artifact id: 'fd57dc5eb724cecac904078a387c7eb1') in 0.001410 seconds
Number of updated asset objects reloaded before import = 0
Number of asset objects unloaded after import = 0
========================================================================
Received Prepare
Caller must complete domain reload
Begin MonoManager ReloadAssembly
Thread 0x30b30f000 may have been prematurely finalized
- Loaded All Assemblies, in  1.614 seconds
Native extension for OSXStandalone target not found
[Package Manager] Server::EnsureServerProcessIsRunning -- launch failed, reason: Unity was launched with the -noUpm command-line argument
[Package Manager] UpmClient::Send -- Unable to send message (not connected to UPM process).
[Package Manager] Cannot connect to Unity Package Manager local server
Mono: successfully reloaded assembly
- Finished resetting the current domain, in  0.471 seconds
Domain Reload Profiling: 2086ms
	BeginReloadAssembly (1019ms)
		ExecutionOrderSort (0ms)
		DisableScriptedObjects (907ms)
		BackupInstance (0ms)
		ReleaseScriptingObjects (0ms)
		CreateAndSetChildDomain (25ms)
	RebuildCommonClasses (22ms)
	RebuildNativeTypeToScriptingClass (8ms)
	initialDomainReloadingComplete (15ms)
	LoadAllAssembliesAndSetupDomain (551ms)
		LoadAssemblies (582ms)
		RebuildTransferFunctionScriptingTraits (0ms)
		AnalyzeDomain (33ms)
			TypeCache.Refresh (9ms)
				TypeCache.ScanAssembly (0ms)
			ScanForSourceGeneratedMonoScriptInfo (16ms)
			ResolveRequiredComponents (7ms)
	FinalizeReload (471ms)
		ReleaseScriptCaches (0ms)
		RebuildScriptCaches (0ms)
		SetupLoadedEditorAssemblies (336ms)
			LogAssemblyErrors (0ms)
			InitializePlatformSupportModulesInManaged (4ms)
			SetLoadedEditorAssemblies (3ms)
			RefreshPlugins (0ms)
			BeforeProcessingInitializeOnLoad (53ms)
			ProcessInitializeOnLoadAttributes (236ms)
			ProcessInitializeOnLoadMethodAttributes (39ms)
			AfterProcessingInitializeOnLoad (1ms)
			EditorAssembliesLoaded (0ms)
		ExecutionOrderSort2 (0ms)
		AwakeInstancesAfterBackupRestoration (5ms)
NullReferenceException: Object reference not set to an instance of an object
  at UnityEngine.Rendering.Universal.UniversalRenderPipelineAsset.CreatePipeline () [0x00039] in ./Library/PackageCache/com.unity.render-pipelines.universal@14.0.11/Runtime/Data/UniversalRenderPipelineAsset.cs:733 
  at UnityEngine.Rendering.Universal.UniversalRenderPipelineAsset.get_scriptableRendererData () [0x00015] in ./Library/PackageCache/com.unity.render-pipelines.universal@14.0.11/Runtime/Data/UniversalRenderPipelineAsset.cs:909 
  at UnityEngine.Rendering.Universal.UniversalRenderPipelineAsset.get_defaultShader () [0x00000] in ./Library/PackageCache/com.unity.render-pipelines.universal@14.0.11/Runtime/Data/UniversalRenderPipelineAsset.cs:1612 

(Filename: ./Library/PackageCache/com.unity.render-pipelines.universal@14.0.11/Runtime/Data/UniversalRenderPipelineAsset.cs Line: 733)

NullReferenceException: Object reference not set to an instance of an object
  at UnityEngine.Rendering.Universal.UniversalRenderPipelineAsset.CreatePipeline () [0x00039] in ./Library/PackageCache/com.unity.render-pipelines.universal@14.0.11/Runtime/Data/UniversalRenderPipelineAsset.cs:733 
  at UnityEngine.Rendering.Universal.UniversalRenderPipelineAsset.get_scriptableRendererData () [0x00015] in ./Library/PackageCache/com.unity.render-pipelines.universal@14.0.11/Runtime/Data/UniversalRenderPipelineAsset.cs:909 
  at UnityEngine.Rendering.Universal.UniversalRenderPipelineAsset.GetMaterial (UnityEngine.Rendering.Universal.DefaultMaterialType materialType) [0x00000] in ./Library/PackageCache/com.unity.render-pipelines.universal@14.0.11/Runtime/Data/UniversalRenderPipelineAsset.cs:815 
  at UnityEngine.Rendering.Universal.UniversalRenderPipelineAsset.get_defaultMaterial () [0x00000] in ./Library/PackageCache/com.unity.render-pipelines.universal@14.0.11/Runtime/Data/UniversalRenderPipelineAsset.cs:1514 

(Filename: ./Library/PackageCache/com.unity.render-pipelines.universal@14.0.11/Runtime/Data/UniversalRenderPipelineAsset.cs Line: 733)

Refreshing native plugins compatible for Editor in 3.31 ms, found 3 plugins.
Preloading 0 native plugins for Editor in 0.00 ms.
Unloading 5458 Unused Serialized files (Serialized files now loaded: 0)
Unloading 46 unused Assets / (1.5 MB). Loaded Objects now: 5977.
Memory consumption went from 194.7 MB to 193.2 MB.
Total: 3.779125 ms (FindLiveObjects: 0.223334 ms CreateObjectMapping: 0.080625 ms MarkObjects: 2.732166 ms  DeleteObjects: 0.742375 ms)

Prepare: number of updated asset objects reloaded= 0
NullReferenceException: Object reference not set to an instance of an object
  at UnityEngine.Rendering.Universal.UniversalRenderPipelineAsset.CreatePipeline () [0x00039] in ./Library/PackageCache/com.unity.render-pipelines.universal@14.0.11/Runtime/Data/UniversalRenderPipelineAsset.cs:733 
  at UnityEngine.Rendering.Universal.UniversalRenderPipelineAsset.get_scriptableRendererData () [0x00015] in ./Library/PackageCache/com.unity.render-pipelines.universal@14.0.11/Runtime/Data/UniversalRenderPipelineAsset.cs:909 
  at UnityEngine.Rendering.Universal.UniversalRenderPipelineAsset.get_defaultShader () [0x00000] in ./Library/PackageCache/com.unity.render-pipelines.universal@14.0.11/Runtime/Data/UniversalRenderPipelineAsset.cs:1612 

(Filename: ./Library/PackageCache/com.unity.render-pipelines.universal@14.0.11/Runtime/Data/UniversalRenderPipelineAsset.cs Line: 733)

NullReferenceException: Object reference not set to an instance of an object
  at UnityEngine.Rendering.Universal.UniversalRenderPipelineAsset.CreatePipeline () [0x00039] in ./Library/PackageCache/com.unity.render-pipelines.universal@14.0.11/Runtime/Data/UniversalRenderPipelineAsset.cs:733 
  at UnityEngine.Rendering.Universal.UniversalRenderPipelineAsset.get_scriptableRendererData () [0x00015] in ./Library/PackageCache/com.unity.render-pipelines.universal@14.0.11/Runtime/Data/UniversalRenderPipelineAsset.cs:909 
  at UnityEngine.Rendering.Universal.UniversalRenderPipelineAsset.GetMaterial (UnityEngine.Rendering.Universal.DefaultMaterialType materialType) [0x00000] in ./Library/PackageCache/com.unity.render-pipelines.universal@14.0.11/Runtime/Data/UniversalRenderPipelineAsset.cs:815 
  at UnityEngine.Rendering.Universal.UniversalRenderPipelineAsset.get_defaultMaterial () [0x00000] in ./Library/PackageCache/com.unity.render-pipelines.universal@14.0.11/Runtime/Data/UniversalRenderPipelineAsset.cs:1514 

(Filename: ./Library/PackageCache/com.unity.render-pipelines.universal@14.0.11/Runtime/Data/UniversalRenderPipelineAsset.cs Line: 733)

AssetImportParameters requested are different than current active one (requested -> active):
  custom:srp/default-shader: d785cba07c15c19b5a745ff29a9f9c43 -> 886a89792de1e9d3697bddabf731a298
  custom:container-demuxer-ogg: 62fdf1f143b41e24485cea50d1cbac27 -> 
  custom:video-decoder-ogg-theora: a1e56fd34408186e4bbccfd4996cb3dc -> 
  custom:CustomObjectIndexerAttribute: 72b91833f83ae208fae7752999fa3104 -> 
  custom:container-demuxer-webm: 4f35f7cbe854078d1ac9338744f61a02 -> 
  custom:container-muxer-webm: aa71ff27fc2769a1b78a27578f13a17b -> 
  custom:video-decoder-webm-vp8: 9c59270c3fd7afecdb556c50c9e8de78 -> 
  custom:SearchIndexIgnoredProperties: e643bd26f0fe6173181afceb89e7c659 -> 
  custom:AudioImporter_EditorPlatform: 3918e3fc78b5a79bad01e8451be0beb8 -> 
  custom:framework-osx-AVFoundation: e770b220cccbd017edd2c1fefb359320 -> 
  custom:video-encoder-webm-vp8: eb34c28f22e8b96e1ab97ce403110664 -> 
  custom:audio-decoder-ogg-vorbis: bf7c407c2cedff20999df2af8eb42d56 -> 
  custom:scripting/monoscript/fileName/PopulationManager_sc.cs: 0a949101839b4299b1c59fbc97ffd541 -> c6dfc378c773b2c2295fbdfb93cf2e9e
  custom:audio-encoder-webm-vorbis: bf7c407c2cedff20999df2af8eb42d56 -> 
  custom:scripting/precompiled-assembly-types:Assembly-CSharp: a31a572cf83e35fb51c8b97aa7db0d75 -> 4db99029d3b820b365b3664785824e71
  custom:srp/default-material: 1323b11ab5f8e84b9c4553e3cd30b8d1 -> 00000000000000000f00000000000000
========================================================================
Received Prepare
Caller must complete domain reload
Begin MonoManager ReloadAssembly
Thread 0x17da87000 may have been prematurely finalized
- Loaded All Assemblies, in  0.552 seconds
Native extension for OSXStandalone target not found
[Package Manager] Server::EnsureServerProcessIsRunning -- launch failed, reason: Unity was launched with the -noUpm command-line argument
[Package Manager] UpmClient::Send -- Unable to send message (not connected to UPM process).
[Package Manager] Cannot connect to Unity Package Manager local server
Mono: successfully reloaded assembly
- Finished resetting the current domain, in  1.559 seconds
Domain Reload Profiling: 2111ms
	BeginReloadAssembly (116ms)
		ExecutionOrderSort (0ms)
		DisableScriptedObjects (6ms)
		BackupInstance (0ms)
		ReleaseScriptingObjects (0ms)
		CreateAndSetChildDomain (21ms)
	RebuildCommonClasses (21ms)
	RebuildNativeTypeToScriptingClass (8ms)
	initialDomainReloadingComplete (17ms)
	LoadAllAssembliesAndSetupDomain (391ms)
		LoadAssemblies (444ms)
		RebuildTransferFunctionScriptingTraits (0ms)
		AnalyzeDomain (14ms)
			TypeCache.Refresh (6ms)
				TypeCache.ScanAssembly (0ms)
			ScanForSourceGeneratedMonoScriptInfo (0ms)
			ResolveRequiredComponents (7ms)
	FinalizeReload (1559ms)
		ReleaseScriptCaches (0ms)
		RebuildScriptCaches (0ms)
		SetupLoadedEditorAssemblies (340ms)
			LogAssemblyErrors (0ms)
			InitializePlatformSupportModulesInManaged (5ms)
			SetLoadedEditorAssemblies (4ms)
			RefreshPlugins (0ms)
			BeforeProcessingInitializeOnLoad (56ms)
			ProcessInitializeOnLoadAttributes (237ms)
			ProcessInitializeOnLoadMethodAttributes (39ms)
			AfterProcessingInitializeOnLoad (1ms)
			EditorAssembliesLoaded (0ms)
		ExecutionOrderSort2 (0ms)
		AwakeInstancesAfterBackupRestoration (5ms)
NullReferenceException: Object reference not set to an instance of an object
  at UnityEngine.Rendering.Universal.UniversalRenderPipelineAsset.CreatePipeline () [0x00039] in ./Library/PackageCache/com.unity.render-pipelines.universal@14.0.11/Runtime/Data/UniversalRenderPipelineAsset.cs:733 
  at UnityEngine.Rendering.Universal.UniversalRenderPipelineAsset.get_scriptableRendererData () [0x00015] in ./Library/PackageCache/com.unity.render-pipelines.universal@14.0.11/Runtime/Data/UniversalRenderPipelineAsset.cs:909 
  at UnityEngine.Rendering.Universal.UniversalRenderPipelineAsset.get_defaultShader () [0x00000] in ./Library/PackageCache/com.unity.render-pipelines.universal@14.0.11/Runtime/Data/UniversalRenderPipelineAsset.cs:1612 

(Filename: ./Library/PackageCache/com.unity.render-pipelines.universal@14.0.11/Runtime/Data/UniversalRenderPipelineAsset.cs Line: 733)

NullReferenceException: Object reference not set to an instance of an object
  at UnityEngine.Rendering.Universal.UniversalRenderPipelineAsset.CreatePipeline () [0x00039] in ./Library/PackageCache/com.unity.render-pipelines.universal@14.0.11/Runtime/Data/UniversalRenderPipelineAsset.cs:733 
  at UnityEngine.Rendering.Universal.UniversalRenderPipelineAsset.get_scriptableRendererData () [0x00015] in ./Library/PackageCache/com.unity.render-pipelines.universal@14.0.11/Runtime/Data/UniversalRenderPipelineAsset.cs:909 
  at UnityEngine.Rendering.Universal.UniversalRenderPipelineAsset.GetMaterial (UnityEngine.Rendering.Universal.DefaultMaterialType materialType) [0x00000] in ./Library/PackageCache/com.unity.render-pipelines.universal@14.0.11/Runtime/Data/UniversalRenderPipelineAsset.cs:815 
  at UnityEngine.Rendering.Universal.UniversalRenderPipelineAsset.get_defaultMaterial () [0x00000] in ./Library/PackageCache/com.unity.render-pipelines.universal@14.0.11/Runtime/Data/UniversalRenderPipelineAsset.cs:1514 

(Filename: ./Library/PackageCache/com.unity.render-pipelines.universal@14.0.11/Runtime/Data/UniversalRenderPipelineAsset.cs Line: 733)

Refreshing native plugins compatible for Editor in 5.00 ms, found 3 plugins.
Preloading 0 native plugins for Editor in 0.00 ms.
Unloading 5457 Unused Serialized files (Serialized files now loaded: 0)
Unloading 45 unused Assets / (1.5 MB). Loaded Objects now: 5981.
Memory consumption went from 201.3 MB to 199.8 MB.
Total: 3.588875 ms (FindLiveObjects: 0.204417 ms CreateObjectMapping: 0.069458 ms MarkObjects: 2.737000 ms  DeleteObjects: 0.577417 ms)

Prepare: number of updated asset objects reloaded= 0
NullReferenceException: Object reference not set to an instance of an object
  at UnityEngine.Rendering.Universal.UniversalRenderPipelineAsset.CreatePipeline () [0x00039] in ./Library/PackageCache/com.unity.render-pipelines.universal@14.0.11/Runtime/Data/UniversalRenderPipelineAsset.cs:733 
  at UnityEngine.Rendering.Universal.UniversalRenderPipelineAsset.get_scriptableRendererData () [0x00015] in ./Library/PackageCache/com.unity.render-pipelines.universal@14.0.11/Runtime/Data/UniversalRenderPipelineAsset.cs:909 
  at UnityEngine.Rendering.Universal.UniversalRenderPipelineAsset.get_defaultShader () [0x00000] in ./Library/PackageCache/com.unity.render-pipelines.universal@14.0.11/Runtime/Data/UniversalRenderPipelineAsset.cs:1612 

(Filename: ./Library/PackageCache/com.unity.render-pipelines.universal@14.0.11/Runtime/Data/UniversalRenderPipelineAsset.cs Line: 733)

NullReferenceException: Object reference not set to an instance of an object
  at UnityEngine.Rendering.Universal.UniversalRenderPipelineAsset.CreatePipeline () [0x00039] in ./Library/PackageCache/com.unity.render-pipelines.universal@14.0.11/Runtime/Data/UniversalRenderPipelineAsset.cs:733 
  at UnityEngine.Rendering.Universal.UniversalRenderPipelineAsset.get_scriptableRendererData () [0x00015] in ./Library/PackageCache/com.unity.render-pipelines.universal@14.0.11/Runtime/Data/UniversalRenderPipelineAsset.cs:909 
  at UnityEngine.Rendering.Universal.UniversalRenderPipelineAsset.GetMaterial (UnityEngine.Rendering.Universal.DefaultMaterialType materialType) [0x00000] in ./Library/PackageCache/com.unity.render-pipelines.universal@14.0.11/Runtime/Data/UniversalRenderPipelineAsset.cs:815 
  at UnityEngine.Rendering.Universal.UniversalRenderPipelineAsset.get_defaultMaterial () [0x00000] in ./Library/PackageCache/com.unity.render-pipelines.universal@14.0.11/Runtime/Data/UniversalRenderPipelineAsset.cs:1514 

(Filename: ./Library/PackageCache/com.unity.render-pipelines.universal@14.0.11/Runtime/Data/UniversalRenderPipelineAsset.cs Line: 733)

AssetImportParameters requested are different than current active one (requested -> active):
  custom:srp/default-shader: d785cba07c15c19b5a745ff29a9f9c43 -> 886a89792de1e9d3697bddabf731a298
  custom:container-demuxer-ogg: 62fdf1f143b41e24485cea50d1cbac27 -> 
  custom:video-decoder-ogg-theora: a1e56fd34408186e4bbccfd4996cb3dc -> 
  custom:CustomObjectIndexerAttribute: 72b91833f83ae208fae7752999fa3104 -> 
  custom:container-demuxer-webm: 4f35f7cbe854078d1ac9338744f61a02 -> 
  custom:container-muxer-webm: aa71ff27fc2769a1b78a27578f13a17b -> 
  custom:video-decoder-webm-vp8: 9c59270c3fd7afecdb556c50c9e8de78 -> 
  custom:SearchIndexIgnoredProperties: e643bd26f0fe6173181afceb89e7c659 -> 
  custom:AudioImporter_EditorPlatform: 3918e3fc78b5a79bad01e8451be0beb8 -> 
  custom:framework-osx-AVFoundation: e770b220cccbd017edd2c1fefb359320 -> 
  custom:video-encoder-webm-vp8: eb34c28f22e8b96e1ab97ce403110664 -> 
  custom:audio-decoder-ogg-vorbis: bf7c407c2cedff20999df2af8eb42d56 -> 
  custom:scripting/monoscript/fileName/PopulationManager_sc.cs: 0a949101839b4299b1c59fbc97ffd541 -> c6dfc378c773b2c2295fbdfb93cf2e9e
  custom:audio-encoder-webm-vorbis: bf7c407c2cedff20999df2af8eb42d56 -> 
  custom:scripting/precompiled-assembly-types:Assembly-CSharp: a31a572cf83e35fb51c8b97aa7db0d75 -> 4db99029d3b820b365b3664785824e71
  custom:srp/default-material: 1323b11ab5f8e84b9c4553e3cd30b8d1 -> 00000000000000000f00000000000000
